<?xml version="1.0" encoding="UTF-8"?>
<!-- Generated by org.testng.reporters.JUnitXMLReporter -->
<testsuite hostname="Ren-Nneka" name="Test" tests="5" failures="0" timestamp="6 Jul 2020 03:10:20 GMT" time="0.097" errors="0">
  <testcase name="one" time="0.039" classname="rensourceenergy.Mavenjava.Test4"/>
  <testcase name="option3" time="0.003" classname="rensourceenergy.Mavenjava.Test2"/>
  <testcase name="option4" time="0.007" classname="rensourceenergy.Mavenjava.Test2"/>
  <testcase name="option1" time="0.002" classname="rensourceenergy.Mavenjava.Test1"/>
  <testcase name="option2" time="0.001" classname="rensourceenergy.Mavenjava.Test1"/>
</testsuite> <!-- Test -->
