<?xml version="1.0" encoding="UTF-8"?>
<!-- Generated by org.testng.reporters.JUnitXMLReporter -->
<testsuite hostname="Ren-Nneka" ignored="0" name="Command line test" tests="8" failures="0" timestamp="06 Jul 2020 03:26:44 GMT" time="0.064" errors="0">
  <testcase name="option1" time="0.007" classname="rensourceenergy.Mavenjava.Test1"/>
  <testcase name="option2" time="0.001" classname="rensourceenergy.Mavenjava.Test1"/>
  <testcase name="option3" time="0.0" classname="rensourceenergy.Mavenjava.Test2"/>
  <testcase name="option4" time="0.001" classname="rensourceenergy.Mavenjava.Test2"/>
  <testcase name="option5" time="0.0" classname="rensourceenergy.Mavenjava.Test3"/>
  <testcase name="option6" time="0.001" classname="rensourceenergy.Mavenjava.Test3"/>
  <testcase name="option7" time="0.001" classname="rensourceenergy.Mavenjava.Test3"/>
  <testcase name="one" time="0.0" classname="rensourceenergy.Mavenjava.Test4"/>
</testsuite> <!-- Command line test -->
