<?xml version="1.0" encoding="UTF-8"?>
<!-- Generated by org.testng.reporters.JUnitXMLReporter -->
<testsuite hostname="Ren-Nneka" ignored="0" name="Test" tests="5" failures="0" timestamp="06 Jul 2020 03:35:58 GMT" time="0.041" errors="0">
  <testcase name="one" time="0.008" classname="rensourceenergy.Mavenjava.Test4"/>
  <testcase name="option3" time="0.001" classname="rensourceenergy.Mavenjava.Test2"/>
  <testcase name="option4" time="0.001" classname="rensourceenergy.Mavenjava.Test2"/>
  <testcase name="option1" time="0.0" classname="rensourceenergy.Mavenjava.Test1"/>
  <testcase name="option2" time="0.001" classname="rensourceenergy.Mavenjava.Test1"/>
</testsuite> <!-- Test -->
