<?xml version="1.0" encoding="UTF-8"?>
<testng-results skipped="0" failed="0" total="5" passed="5">
  <reporter-output>
  </reporter-output>
  <suite name="Suite" duration-ms="97" started-at="2020-07-06T03:10:20Z" finished-at="2020-07-06T03:10:20Z">
    <groups>
    </groups>
    <test name="Test" duration-ms="97" started-at="2020-07-06T03:10:20Z" finished-at="2020-07-06T03:10:20Z">
      <class name="rensourceenergy.Mavenjava.Test4">
        <test-method status="PASS" signature="one()[pri:0, instance:rensourceenergy.Mavenjava.Test4@27efef64]" name="one" duration-ms="39" started-at="2020-07-06T04:10:20Z" finished-at="2020-07-06T04:10:20Z">
          <reporter-output>
          </reporter-output>
        </test-method> <!-- one -->
      </class> <!-- rensourceenergy.Mavenjava.Test4 -->
      <class name="rensourceenergy.Mavenjava.Test1">
        <test-method status="PASS" signature="option1()[pri:0, instance:rensourceenergy.Mavenjava.Test1@66a3ffec]" name="option1" duration-ms="2" started-at="2020-07-06T04:10:20Z" finished-at="2020-07-06T04:10:20Z">
          <reporter-output>
          </reporter-output>
        </test-method> <!-- option1 -->
        <test-method status="PASS" signature="option2()[pri:0, instance:rensourceenergy.Mavenjava.Test1@66a3ffec]" name="option2" duration-ms="1" started-at="2020-07-06T04:10:20Z" finished-at="2020-07-06T04:10:20Z">
          <reporter-output>
          </reporter-output>
        </test-method> <!-- option2 -->
      </class> <!-- rensourceenergy.Mavenjava.Test1 -->
      <class name="rensourceenergy.Mavenjava.Test2">
        <test-method status="PASS" signature="option3()[pri:0, instance:rensourceenergy.Mavenjava.Test2@3e6fa38a]" name="option3" duration-ms="3" started-at="2020-07-06T04:10:20Z" finished-at="2020-07-06T04:10:20Z">
          <reporter-output>
          </reporter-output>
        </test-method> <!-- option3 -->
        <test-method status="PASS" signature="option4()[pri:0, instance:rensourceenergy.Mavenjava.Test2@3e6fa38a]" name="option4" duration-ms="7" started-at="2020-07-06T04:10:20Z" finished-at="2020-07-06T04:10:20Z">
          <reporter-output>
          </reporter-output>
        </test-method> <!-- option4 -->
      </class> <!-- rensourceenergy.Mavenjava.Test2 -->
    </test> <!-- Test -->
  </suite> <!-- Suite -->
</testng-results>
